\BOOKMARK [0][-]{chapter.1}{Objectif}{}% 1
\BOOKMARK [1][-]{section.1.1}{Pr\351sentation g\351n\351rale}{chapter.1}% 2
\BOOKMARK [1][-]{section.1.2}{R\350gles du jeu}{chapter.1}% 3
\BOOKMARK [1][-]{section.1.3}{Conception Logiciel}{chapter.1}% 4
\BOOKMARK [0][-]{chapter.2}{Description et conception des \351tats}{}% 5
\BOOKMARK [1][-]{section.2.1}{Description des \351tats}{chapter.2}% 6
\BOOKMARK [2][-]{subsection.2.1.1}{Etat \351l\351ments vivants}{section.2.1}% 7
\BOOKMARK [2][-]{subsection.2.1.2}{Etat \351l\351ments non vivants}{section.2.1}% 8
\BOOKMARK [2][-]{subsection.2.1.3}{Situation du joueur}{section.2.1}% 9
\BOOKMARK [1][-]{section.2.2}{Conception logiciel}{chapter.2}% 10
\BOOKMARK [0][-]{chapter.3}{Rendu : Strat\351gie et Conception}{}% 11
\BOOKMARK [1][-]{section.3.1}{Strat\351gie de rendu d'un \351tat}{chapter.3}% 12
\BOOKMARK [1][-]{section.3.2}{Conception logiciel}{chapter.3}% 13
\BOOKMARK [0][-]{chapter.4}{R\350gle de changement d'\351tat}{}% 14
\BOOKMARK [1][-]{section.4.1}{Conception logiciel}{chapter.4}% 15
\BOOKMARK [0][-]{chapter.5}{IA}{}% 16
\BOOKMARK [1][-]{section.5.1}{Comportement}{chapter.5}% 17
\BOOKMARK [1][-]{section.5.2}{Intelligence artificielle haut niveau}{chapter.5}% 18
\BOOKMARK [0][-]{chapter.6}{Engine et modularisation}{}% 19
\BOOKMARK [1][-]{section.6.1}{Stockage de commandes}{chapter.6}% 20
\BOOKMARK [1][-]{section.6.2}{Ex\351cution des commandes}{chapter.6}% 21
\BOOKMARK [0][-]{chapter.7}{Server : conception de l'API}{}% 22
\BOOKMARK [1][-]{section.7.1}{API REST}{chapter.7}% 23
\BOOKMARK [2][-]{subsection.7.1.1}{Envoi des commandes au serveur}{section.7.1}% 24
\BOOKMARK [2][-]{subsection.7.1.2}{R\351cup\351ration des commandes}{section.7.1}% 25
\BOOKMARK [2][-]{subsection.7.1.3}{Ajout/modification d'utilisateur}{section.7.1}% 26
\BOOKMARK [2][-]{subsection.7.1.4}{Demande d'utilisateur}{section.7.1}% 27
\BOOKMARK [2][-]{subsection.7.1.5}{Demande de tous les utilisateurs}{section.7.1}% 28
\BOOKMARK [2][-]{subsection.7.1.6}{Suppression d'un utilisateur}{section.7.1}% 29
